app/build/outputs/mapping/release/seeds.txt
com.sombersoft.slacklog.MultilibService
com.sombersoft.slacklog.SettingsActivity
com.sombersoft.slacklog.ForumLQ: ForumLQ()
com.sombersoft.slacklog.MultilibBroadcastReceiver: MultilibBroadcastReceiver()
com.sombersoft.slacklog.ForumLQ
com.sombersoft.slacklog.Kernel: Kernel()
com.sombersoft.slacklog.ListPreferenceWithSummary
com.sombersoft.slacklog.MainActivity
com.sombersoft.slacklog.MultilibBroadcastReceiver
com.sombersoft.slacklog.Multilib: Multilib()
com.sombersoft.slacklog.Changelog
com.sombersoft.slacklog.ChangelogService
com.sombersoft.slacklog.Forum
com.sombersoft.slacklog.Forum: Forum()
com.sombersoft.slacklog.ListPreferenceWithSummary: ListPreferenceWithSummary(android.content.Context)
com.sombersoft.slacklog.MainActivity: MainActivity()
com.sombersoft.slacklog.MultilibService: MultilibService()
com.sombersoft.slacklog.Kernel
com.sombersoft.slacklog.ChangelogBroadcastReceiver
com.sombersoft.slacklog.Changelog: Changelog()
com.sombersoft.slacklog.ChangelogBroadcastReceiver: ChangelogBroadcastReceiver()
com.sombersoft.slacklog.SettingsActivity: SettingsActivity()
com.sombersoft.slacklog.ChangelogService: ChangelogService()
com.sombersoft.slacklog.Multilib
com.sombersoft.slacklog.ListPreferenceWithSummary: ListPreferenceWithSummary(android.content.Context,android.util.AttributeSet)
...
androidx.appcompat.R$style: int Widget_AppCompat_Light_ActionBar_TabText_Inverse
com.google.android.material.R$id: int titleDividerNoCustom
com.google.android.material.R$drawable: int abc_ab_share_pack_mtrl_alpha
com.google.android.material.R$style: int Base_Widget_AppCompat_Light_ActionBar_Solid
com.google.android.material.R$attr: int fastScrollHorizontalTrackDrawable
androidx.appcompat.R$styleable: int SwitchCompat_trackTintMode
com.google.android.material.R$attr: int submitBackground
com.google.android.material.R$color: int bright_foreground_disabled_material_dark
org.jsoup.nodes.Entities$CoreCharset: org.jsoup.nodes.Entities$CoreCharset[] values()
androidx.transition.R$id: int transition_layout_save
androidx.appcompat.R$styleable: int AnimatedStateListDrawableItem_android_id
com.google.android.material.R$style: int Theme_MaterialComponents_DayNight_Dialog_FixedSize
androidx.appcompat.R$attr: int textColorSearchUrl
com.google.android.material.R$animator: int mtrl_fab_hide_motion_spec
com.google.android.material.R$style: int TextAppearance_AppCompat_Display2
androidx.core.R$attr: int ttcIndex
com.google.android.material.R$style: int Base_Widget_AppCompat_CompoundButton_CheckBox
androidx.appcompat.R$style: int Base_ThemeOverlay_AppCompat_Dialog
com.google.android.material.R$attr: int listItemLayout
com.google.android.material.R$drawable: int btn_radio_on_to_off_mtrl_animation
androidx.appcompat.R$dimen: int abc_action_bar_default_height_material
androidx.appcompat.R$drawable: int abc_item_background_holo_light
com.google.android.material.appbar.AppBarLayout: android.graphics.drawable.Drawable getStatusBarForeground()
androidx.appcompat.widget.Toolbar: void setCollapseIcon(int)
com.google.android.material.R$id: int accessibility_custom_action_22
com.google.android.material.R$attr: int ratingBarStyleSmall
com.google.android.material.R$style: int Base_TextAppearance_AppCompat_Widget_ActionBar_Subtitle
com.google.android.material.R$dimen: int design_bottom_navigation_text_size
androidx.appcompat.R$id: int search_bar
com.google.android.material.R$style: int Base_Animation_AppCompat_Dialog
androidx.appcompat.R$styleable: int AppCompatTextView_drawableLeftCompat
com.google.android.material.textfield.TextInputEditText: com.google.android.material.textfield.TextInputLayout getTextInputLayout()
androidx.appcompat.widget.SearchView: void setOnQueryTextFocusChangeListener(android.view.View$OnFocusChangeListener)
androidx.recyclerview.widget.RecyclerView: androidx.core.view.NestedScrollingChildHelper getScrollingChildHelper()
com.google.android.material.R$attr: int checkedIconVisible
com.google.android.material.snackbar.BaseTransientBottomBar$SnackbarBaseLayout: BaseTransientBottomBar$SnackbarBaseLayout(android.content.Context,android.util.AttributeSet)
com.google.android.material.R$style: int Base_V7_Theme_AppCompat_Dialog
androidx.appcompat.R$style: int Base_Widget_AppCompat_ActionBar_TabText
com.google.android.material.R$styleable: int LinearLayoutCompat_Layout_android_layout_height
com.google.android.material.tabs.TabLayout: void setTabIndicatorFullWidth(boolean)
androidx.appcompat.R$style: int Base_Widget_AppCompat_ListMenuView
androidx.recyclerview.widget.RecyclerView: androidx.recyclerview.widget.RecyclerView$LayoutManager mLayout
com.google.android.material.card.MaterialCardView: void setCheckedIconResource(int)
com.google.android.material.appbar.CollapsingToolbarLayout: java.lang.CharSequence getTitle()
com.google.android.material.R$styleable: int SwitchCompat_switchTextAppearance
com.google.android.material.R$color: int secondary_text_disabled_material_light
com.google.android.material.chip.Chip: void setShapeAppearanceModel(com.google.android.material.shape.ShapeAppearanceModel)
androidx.appcompat.widget.AppCompatAutoCompleteTextView: android.content.res.ColorStateList getSupportBackgroundTintList()
androidx.appcompat.widget.ActionMenuView: android.view.Menu getMenu()