app/build/outputs/mapping/release/mapping.txt
# compiler: R8
# compiler_version: 2.0.59
# min_api: 23
# pg_map_id: fae4e20
# common_typos_disable
com.sombersoft.slacklog.AlienWebViewFragment -> c.d.a.a:
    android.view.View onCreateView(android.view.LayoutInflater,android.view.ViewGroup,android.os.Bundle) -> A
com.sombersoft.slacklog.AlienWebViewFragment$1 -> c.d.a.a$a:
    androidx.swiperefreshlayout.widget.SwipeRefreshLayout val$swipeRefreshLayout -> a
    1:1:boolean androidx.swiperefreshlayout.widget.SwipeRefreshLayout.isRefreshing():0:0 -> onPageFinished
    1:1:void onPageFinished(android.webkit.WebView,java.lang.String):0 -> onPageFinished
    2:2:void onPageFinished(android.webkit.WebView,java.lang.String):0:0 -> onPageFinished
com.sombersoft.slacklog.AlienWebViewFragment$2 -> c.d.a.a$b:
    androidx.swiperefreshlayout.widget.SwipeRefreshLayout val$swipeRefreshLayout -> c
    android.view.View val$view -> a
    android.webkit.WebView val$myWebView -> b
    void onRefresh() -> a
com.sombersoft.slacklog.Changelog -> com.sombersoft.slacklog.Changelog:
    android.content.SharedPreferences$Editor editor -> B
    android.content.Context mContext -> C
    android.widget.RelativeLayout mainLayout -> G
    android.app.AlertDialog$Builder alertMirror -> t
    com.google.android.material.tabs.TabLayout tabLayout -> F
    android.widget.TextView textViewBranch -> r
    java.util.List listVersion -> s
    android.widget.ProgressBar bar -> E
    java.lang.String version -> q
    java.lang.String branch -> u
    androidx.viewpager.widget.ViewPager viewPager -> w
    java.lang.String copyLastUpdate64 -> y
    com.sombersoft.slacklog.ChangelogFragmentAdapter adapter -> x
    java.io.File rootDir -> v
    java.lang.String copyLastUpdate32 -> z
    android.content.SharedPreferences slackPreferences -> A
    com.sombersoft.slacklog.Changelog$DownloadLog download -> D
    1:1:void androidx.core.app.NavUtils.navigateUpFromSameTask(android.app.Activity):0:0 -> onOptionsItemSelected
    1:1:boolean onOptionsItemSelected(android.view.MenuItem):0 -> onOptionsItemSelected
    2:2:void androidx.core.app.NavUtils.navigateUpTo(android.app.Activity,android.content.Intent):0:0 -> onOptionsItemSelected
    2:2:void androidx.core.app.NavUtils.navigateUpFromSameTask(android.app.Activity):0 -> onOptionsItemSelected
    2:2:boolean onOptionsItemSelected(android.view.MenuItem):0 -> onOptionsItemSelected
com.sombersoft.slacklog.Changelog$1 -> com.sombersoft.slacklog.Changelog$a:
    com.sombersoft.slacklog.Changelog this$0 -> b
    1:1:java.util.List com.sombersoft.slacklog.Changelog.access$100(com.sombersoft.slacklog.Changelog):0:0 -> onClick
    1:1:void onClick(android.content.DialogInterface,int):0 -> onClick
    2:2:void onClick(android.content.DialogInterface,int):0:0 -> onClick
    3:3:java.lang.String com.sombersoft.slacklog.Changelog.access$002(com.sombersoft.slacklog.Changelog,java.lang.String):0:0 -> onClick
    3:3:void onClick(android.content.DialogInterface,int):0 -> onClick
    4:4:com.google.android.material.tabs.TabLayout com.sombersoft.slacklog.Changelog.access$200():0:0 -> onClick
    4:4:void onClick(android.content.DialogInterface,int):0 -> onClick
    5:5:void onClick(android.content.DialogInterface,int):0:0 -> onClick
    6:6:android.content.SharedPreferences$Editor com.sombersoft.slacklog.Changelog.access$300():0:0 -> onClick
    6:6:void onClick(android.content.DialogInterface,int):0 -> onClick
    7:7:void onClick(android.content.DialogInterface,int):0:0 -> onClick
    8:8:java.lang.String com.sombersoft.slacklog.Changelog.access$000(com.sombersoft.slacklog.Changelog):0:0 -> onClick
    8:8:void onClick(android.content.DialogInterface,int):0 -> onClick
    9:9:void onClick(android.content.DialogInterface,int):0:0 -> onClick
    10:10:android.content.SharedPreferences$Editor com.sombersoft.slacklog.Changelog.access$300():0:0 -> onClick
...
com.google.android.material.R$string -> c.c.a.a.j:
com.google.android.material.R$style -> c.c.a.a.k:
com.google.android.material.R$styleable -> c.c.a.a.l:
com.google.android.material.animation.AnimationUtils -> c.c.a.a.m.a:
    android.animation.TimeInterpolator LINEAR_INTERPOLATOR -> a
    android.animation.TimeInterpolator FAST_OUT_SLOW_IN_INTERPOLATOR -> b
    android.animation.TimeInterpolator FAST_OUT_LINEAR_IN_INTERPOLATOR -> c
    android.animation.TimeInterpolator LINEAR_OUT_SLOW_IN_INTERPOLATOR -> d
    android.animation.TimeInterpolator DECELERATE_INTERPOLATOR -> e
    float lerp(float,float,float) -> a
    int lerp(int,int,float) -> b
com.google.android.material.animation.ArgbEvaluatorCompat -> c.c.a.a.m.b:
    com.google.android.material.animation.ArgbEvaluatorCompat instance -> a
    1:1:java.lang.Integer evaluate(float,java.lang.Integer,java.lang.Integer):0:0 -> evaluate
    1:1:java.lang.Object evaluate(float,java.lang.Object,java.lang.Object):0 -> evaluate
com.google.android.material.animation.ChildrenAlphaProperty -> c.c.a.a.m.c:
    android.util.Property CHILDREN_ALPHA -> a
    1:1:java.lang.Float get(android.view.ViewGroup):0:0 -> get
    1:1:java.lang.Object get(java.lang.Object):0 -> get
    1:1:void set(android.view.ViewGroup,java.lang.Float):0:0 -> set
    1:1:void set(java.lang.Object,java.lang.Object):0 -> set
com.google.android.material.animation.DrawableAlphaProperty -> c.c.a.a.m.d:
    android.util.Property DRAWABLE_ALPHA_COMPAT -> b
    java.util.WeakHashMap alphaCache -> a
    1:1:java.lang.Integer get(android.graphics.drawable.Drawable):0:0 -> get
    1:1:java.lang.Object get(java.lang.Object):0 -> get
    1:1:void set(android.graphics.drawable.Drawable,java.lang.Integer):0:0 -> set
    1:1:void set(java.lang.Object,java.lang.Object):0 -> set
com.google.android.material.animation.ImageMatrixProperty -> c.c.a.a.m.e:
    android.graphics.Matrix matrix -> a
    1:1:android.graphics.Matrix get(android.widget.ImageView):0:0 -> get
    1:1:java.lang.Object get(java.lang.Object):0 -> get
    1:1:void set(android.widget.ImageView,android.graphics.Matrix):0:0 -> set
    1:1:void set(java.lang.Object,java.lang.Object):0 -> set
com.google.android.material.animation.MatrixEvaluator -> c.c.a.a.m.f:
    android.graphics.Matrix tempMatrix -> c
    float[] tempStartValues -> a
    float[] tempEndValues -> b
com.google.android.material.animation.MotionSpec -> c.c.a.a.m.g:
    androidx.collection.SimpleArrayMap timings -> a
    androidx.collection.SimpleArrayMap propertyValues -> b
    com.google.android.material.animation.MotionSpec createFromAttribute(android.content.Context,android.content.res.TypedArray,int) -> a
    com.google.android.material.animation.MotionSpec createFromResource(android.content.Context,int) -> b
    1:1:void addInfoFromAnimator(com.google.android.material.animation.MotionSpec,android.animation.Animator):0:0 -> c
    1:1:com.google.android.material.animation.MotionSpec createSpecFromAnimators(java.util.List):0 -> c
    2:2:void setPropertyValues(java.lang.String,android.animation.PropertyValuesHolder[]):0:0 -> c
    2:2:void addInfoFromAnimator(com.google.android.material.animation.MotionSpec,android.animation.Animator):0 -> c
    2:2:com.google.android.material.animation.MotionSpec createSpecFromAnimators(java.util.List):0 -> c
    3:3:void addInfoFromAnimator(com.google.android.material.animation.MotionSpec,android.animation.Animator):0:0 -> c
    3:3:com.google.android.material.animation.MotionSpec createSpecFromAnimators(java.util.List):0 -> c
    4:4:com.google.android.material.animation.MotionTiming com.google.android.material.animation.MotionTiming.createFromAnimator(android.animation.ValueAnimator):0:0 -> c
    4:4:void addInfoFromAnimator(com.google.android.material.animation.MotionSpec,android.animation.Animator):0 -> c