app/build/outputs/mapping/release/usage.txt
com.sombersoft.slacklog.R$plurals
com.sombersoft.slacklog.ForumLQ:
    private static final java.lang.String SOFTWARE_URL
com.sombersoft.slacklog.R$interpolator
com.sombersoft.slacklog.R$array
com.sombersoft.slacklog.ConnectionClass:
    public void <init>()
com.sombersoft.slacklog.R$color
com.sombersoft.slacklog.R$animator
com.sombersoft.slacklog.R$bool
com.sombersoft.slacklog.R$menu
com.sombersoft.slacklog.Changelog:
    private static final java.lang.String MIRROR_ARM
    private static final java.lang.String MIRROR
    private static final java.lang.String VERSION_PREF64
    private static final java.lang.String VERSION_PREF32
    private static final java.lang.String UPDATE_COMMAND
    private static final java.lang.String LAST_UPDATE_64BIT
    private static final java.lang.String LAST_UPDATE_32BIT
    private static final java.lang.String STATE_SELECTED_NAVIGATION_ITEM
com.sombersoft.slacklog.R$string
com.sombersoft.slacklog.R$dimen
com.sombersoft.slacklog.R$layout
com.sombersoft.slacklog.R
com.sombersoft.slacklog.R$styleable
com.sombersoft.slacklog.R$attr
com.sombersoft.slacklog.R$anim
com.sombersoft.slacklog.MainActivity:
    private static final int SETTINGS_MANAGEMENT
    private static final java.lang.String TAB_PREVIOUS_STATE
    public static final java.lang.String USER_AGENT
com.sombersoft.slacklog.R$drawable
com.sombersoft.slacklog.R$xml
com.sombersoft.slacklog.FragmentSlacky:
    private static final java.lang.String SLACKYSITE_URL
com.sombersoft.slacklog.Multilib:
    private static final java.lang.String LAST_UPDATE
com.sombersoft.slacklog.R$style
com.sombersoft.slacklog.BuildConfig
com.sombersoft.slacklog.R$integer
com.sombersoft.slacklog.R$id
com.sombersoft.slacklog.Kernel$DownloadKernel:
    public varargs java.util.ArrayList doInBackground()
    public void onPostExecute(java.util.ArrayList)
com.sombersoft.slacklog.ForumLQ:
    public static synthetic android.content.SharedPreferences$Editor access$100(com.sombersoft.slacklog.ForumLQ)
    public static synthetic android.content.SharedPreferences access$200()
    public static synthetic boolean access$300(com.sombersoft.slacklog.ForumLQ)
    public static synthetic android.widget.RelativeLayout access$400()
    public static synthetic android.content.Context access$500()
    public static synthetic android.widget.ProgressBar access$600()
    public static synthetic com.sombersoft.slacklog.ForumLQ$SectionsPagerAdapter access$700()
    public final void showHorScrollBar(int)
    public final void createMap()
    public final java.lang.String PREF
    public final java.lang.String AUTOUPDATE
com.sombersoft.slacklog.KernelAdapter$Holder:
    public static synthetic android.widget.TextView access$000(com.sombersoft.slacklog.KernelAdapter$Holder)
    public final synthetic com.sombersoft.slacklog.KernelAdapter this$0
com.sombersoft.slacklog.Multilib$DownloadMultilib:
    public varargs java.lang.Void doInBackground()
    public void onPostExecute()
com.sombersoft.slacklog.ConnectionClass
com.sombersoft.slacklog.FragmentChangelog:
    public final void viewLog()
com.sombersoft.slacklog.MultilibAdapter$ViewHolder:
    public static synthetic android.widget.TextView access$000(com.sombersoft.slacklog.MultilibAdapter$ViewHolder)
    public final synthetic com.sombersoft.slacklog.MultilibAdapter this$0
com.sombersoft.slacklog.AlienWebViewFragment$1:
    public final synthetic com.sombersoft.slacklog.AlienWebViewFragment this$0
com.sombersoft.slacklog.ForumLQTopicAdapter:
    public static synthetic android.content.Context access$100(com.sombersoft.slacklog.ForumLQTopicAdapter)
    public com.sombersoft.slacklog.ForumLQTopicAdapter$ViewHolder onCreateViewHolder(android.view.ViewGroup)
    public void onBindViewHolder(com.sombersoft.slacklog.ForumLQTopicAdapter$ViewHolder,int)
com.sombersoft.slacklog.FragmentForum$1:
    public final synthetic com.sombersoft.slacklog.FragmentForum this$0
...
android.support.v4.media.session.MediaControllerCompat$MediaControllerImpl
com.evernote.android.job.util.BatteryStatus:
    public float getBatteryPercent()
androidx.transition.Styleable$ChangeBounds
androidx.transition.R$integer
org.jsoup.nodes.Entities$EscapeMode:
    private int size()
androidx.slidingpanelayout.widget.SlidingPaneLayout$AccessibilityDelegate
androidx.fragment.R$integer
com.google.android.material.R$animator:
    private void <init>()
androidx.appcompat.R$attr:
    private void <init>()
androidx.appcompat.view.menu.ListMenuItemView:
    public boolean showsIcon()
    private static final java.lang.String TAG
androidx.appcompat.view.menu.MenuPopup:
    public androidx.appcompat.view.menu.MenuView getMenuView(android.view.ViewGroup)
com.google.android.material.shape.CornerTreatment:
    public void getCornerPath(float,float,com.google.android.material.shape.ShapePath)
androidx.legacy.coreui.R$style
androidx.viewpager2.adapter.FragmentStateAdapter$FragmentMaxLifecycleEnforcer$1
androidx.transition.ObjectAnimatorUtils:
    private void <init>()
androidx.legacy.app.FragmentTabHost$SavedState
androidx.loader.R
com.google.android.material.elevation.ElevationOverlayProvider:
    public int compositeOverlayWithThemeSurfaceColorIfNeeded(float,android.view.View)
    public int compositeOverlayWithThemeSurfaceColorIfNeeded(float)
    public int compositeOverlayIfNeeded(int,float,android.view.View)
    public int compositeOverlay(int,float,android.view.View)
    public int calculateOverlayAlpha(float)
    public int getThemeElevationOverlayColor()
    public int getThemeSurfaceColor()
    public float getParentAbsoluteElevation(android.view.View)
    private static final float FORMULA_MULTIPLIER
    private static final float FORMULA_OFFSET
androidx.appcompat.resources.R$drawable:
    private void <init>()
androidx.core.graphics.drawable.DrawableCompat:
    private void <init>()
    private static final java.lang.String TAG
androidx.cardview.widget.CardViewImpl:
    public abstract void updatePadding(androidx.cardview.widget.CardViewDelegate)
androidx.legacy.coreutils.R$styleable
androidx.viewpager.R$id
com.google.android.material.snackbar.BaseTransientBottomBar$Duration
com.google.android.material.floatingactionbutton.FloatingActionButton:
    public void <init>(android.content.Context)
    public boolean shouldEnsureMinTouchTargetSize()
    public void show()
    public void removeOnShowAnimationListener(android.animation.Animator$AnimatorListener)
    public void hide()
    public void removeOnHideAnimationListener(android.animation.Animator$AnimatorListener)
    public boolean setExpanded(boolean)
    public void clearCustomSize()
    public void removeTransformationCallback(com.google.android.material.animation.TransformationCallback)
    private static final java.lang.String LOG_TAG
    private static final java.lang.String EXPANDABLE_WIDGET_HELPER_KEY
    public static final int SIZE_MINI
    public static final int SIZE_NORMAL
    public static final int SIZE_AUTO
    public static final int NO_CUSTOM_SIZE
    private static final int AUTO_MINI_LARGEST_SCREEN_WIDTH
androidx.legacy.v4.R
androidx.media.AudioAttributesCompat$AttributeUsage
androidx.cursoradapter.R
androidx.appcompat.widget.ActivityChooserModel$ActivitySorter
androidx.recyclerview.widget.ItemTouchHelper$1
androidx.legacy.app.FragmentPagerAdapter
androidx.viewpager.R$attr
android.support.v4.media.session.MediaSessionCompat$MediaSessionImplBase$Command